<?xml version="1.0" encoding="utf-8"?><testsuites><testsuite name="pytest" errors="0" failures="0" skipped="0" tests="5" time="3.040" timestamp="2023-01-12T17:42:11.676748" hostname="USBLRPVASHISHT1"><testcase classname="unitcode" name="test_fact_multiplevalues[4-24]" time="0.002" /><testcase classname="unitcode" name="test_fact_multiplevalues[0-1]" time="0.002" /><testcase classname="unitcode" name="test_fact_multiplevalues[-1-1]" time="0.002" /><testcase classname="unitcode" name="test_fact_multiplevalues[6-720]" time="0.002" /><testcase classname="unitcode" name="test_fact_multiplevalues[5-120]" time="0.002" /></testsuite></testsuites>