<?xml version="1.0" encoding="utf-8"?><testsuites><testsuite name="pytest" errors="0" failures="0" skipped="0" tests="9" time="4.080" timestamp="2023-04-20T18:00:39.664765" hostname="USBLRPVASHISHT1"><testcase classname="param_test" name="test_factorial[2-2]" time="0.002" /><testcase classname="param_test" name="test_factorial[-1-1]" time="0.002" /><testcase classname="param_test" name="test_factorial[7-5040]" time="0.002" /><testcase classname="param_test" name="test_factorial[-5-1]" time="0.002" /><testcase classname="param_test" name="test_factorial[3-6]" time="0.002" /><testcase classname="param_test" name="test_factorial[1-1]" time="0.002" /><testcase classname="param_test" name="test_factorial[5-120]" time="0.002" /><testcase classname="param_test" name="test_factorial[0-1]" time="0.002" /><testcase classname="param_test" name="test_factorial[6-720]" time="0.002" /></testsuite></testsuites>