<?xml version="1.0" encoding="utf-8"?><testsuites><testsuite name="pytest" errors="0" failures="0" skipped="3" tests="6" time="0.128" timestamp="2023-10-05T18:00:17.441095" hostname="USBLRPVASHISHT1"><testcase classname="testcode" name="test_factorial_6_720" time="0.001"><skipped type="pytest.xfail" message="" /></testcase><testcase classname="testcode" name="test_factorial_5_120" time="0.000"><skipped type="pytest.skip" message="unconditional skip">C:\Users\pvashishtha\Desktop\Python Advance\testcode.py:15: unconditional skip</skipped></testcase><testcase classname="testcode" name="test_factorial_2_2" time="0.000"><skipped type="pytest.skip" message="unconditional skip">C:\Users\pvashishtha\Desktop\Python Advance\testcode.py:22: unconditional skip</skipped></testcase><testcase classname="testcode" name="test_factorial_neg3_1" time="0.001" /><testcase classname="testcode" name="test_factorial_neg10_1" time="0.000" /><testcase classname="testcode" name="test_factorial_neg100_1" time="0.000" /></testsuite></testsuites>