<?xml version="1.0" encoding="utf-8"?><testsuites><testsuite name="pytest" errors="0" failures="0" skipped="2" tests="8" time="0.132" timestamp="2022-12-08T15:54:42.511421" hostname="USBLRPVASHISHT1"><testcase classname="test_mytestsample" name="test_find_factorial[0-1]" time="0.001" /><testcase classname="test_mytestsample" name="test_find_factorial[1-1]" time="0.001" /><testcase classname="test_mytestsample" name="test_find_factorial[5-120]" time="0.001" /><testcase classname="test_mytestsample" name="test_find_factorial[6-720]" time="0.001" /><testcase classname="test_mytestsample" name="test_find_factorial[-3-1]" time="0.001" /><testcase classname="test_mytestsample" name="test_fact_5" time="0.000" /><testcase classname="test_mytestsample" name="test_fact_6" time="0.001"><skipped type="pytest.xfail" message="" /></testcase><testcase classname="test_mytestsample" name="test_fact_neg" time="0.000"><skipped type="pytest.skip" message="unconditional skip">C:\Users\pvashishtha\Desktop\Python Adv\test_suites\test_mytestsample.py:23: unconditional skip</skipped></testcase></testsuite></testsuites>